<?xml version="1.0" encoding="UTF-8"?>
<!-- Generated by org.testng.reporters.JUnitXMLReporter -->
<testsuite ignored="0" hostname="LTIN509268" failures="1" tests="1" name="Test in Chrome Browser" time="12.828" errors="0" timestamp="2024-04-19T14:10:42 IST">
  <testcase classname="io.cucumber.testng.AbstractTestNGCucumberTests" name="runScenario" time="11.891">
    <failure type="org.openqa.selenium.ElementClickInterceptedException" message="element click intercepted: Element &amp;lt;span _ngcontent-serverapp-c136=&amp;quot;&amp;quot; class=&amp;quot;text-gray-800 capitalize text-sm&amp;quot;&amp;gt;...&amp;lt;/span&amp;gt; is not clickable at point (579, 123). Other element would receive the click: &amp;lt;span _ngcontent-serverapp-c136=&amp;quot;&amp;quot; class=&amp;quot;text-gray-800 capitalize text-sm&amp;quot;&amp;gt;...&amp;lt;/span&amp;gt;
  (Session info: chrome=120.0.6099.130)
Build info: version: &amp;apos;4.18.1&amp;apos;, revision: &amp;apos;b1d3319b48&amp;apos;
System info: os.name: &amp;apos;Windows 11&amp;apos;, os.arch: &amp;apos;amd64&amp;apos;, os.version: &amp;apos;10.0&amp;apos;, java.version: &amp;apos;17.0.2&amp;apos;
Driver info: org.openqa.selenium.chrome.ChromeDriver
Command: [f0c6ebae8ecfd64df113f6b7f76b9697, clickElement {id=25660960FB5BF15894DE46F39435E037_element_37}]
Capabilities {acceptInsecureCerts: false, browserName: chrome, browserVersion: 120.0.6099.130, chrome: {chromedriverVersion: 120.0.6099.109 (3419140ab66..., userDataDir: C:\Windows\SystemTemp\scope...}, fedcm:accounts: true, goog:chromeOptions: {debuggerAddress: localhost:59922}, networkConnectionEnabled: false, pageLoadStrategy: normal, platformName: windows, proxy: Proxy(), se:cdp: ws://localhost:59922/devtoo..., se:cdpVersion: 120.0.6099.130, setWindowRect: true, strictFileInteractability: false, timeouts: {implicit: 0, pageLoad: 300000, script: 30000}, unhandledPromptBehavior: dismiss and notify, webauthn:extension:credBlob: true, webauthn:extension:largeBlob: true, webauthn:extension:minPinLength: true, webauthn:extension:prf: true, webauthn:virtualAuthenticators: true}
Element: [[ChromeDriver: chrome on windows (f0c6ebae8ecfd64df113f6b7f76b9697)] -&amp;gt; xpath: //span[@class=&amp;apos;text-gray-800 capitalize text-sm&amp;apos;][normalize-space()=&amp;apos;Chennai&amp;apos;]]
Session ID: f0c6ebae8ecfd64df113f6b7f76b9697">
      <![CDATA[org.openqa.selenium.ElementClickInterceptedException: element click intercepted: Element <span _ngcontent-serverapp-c136="" class="text-gray-800 capitalize text-sm">...</span> is not clickable at point (579, 123). Other element would receive the click: <span _ngcontent-serverapp-c136="" class="text-gray-800 capitalize text-sm">...</span>
  (Session info: chrome=120.0.6099.130)
Build info: version: '4.18.1', revision: 'b1d3319b48'
System info: os.name: 'Windows 11', os.arch: 'amd64', os.version: '10.0', java.version: '17.0.2'
Driver info: org.openqa.selenium.chrome.ChromeDriver
Command: [f0c6ebae8ecfd64df113f6b7f76b9697, clickElement {id=25660960FB5BF15894DE46F39435E037_element_37}]
Capabilities {acceptInsecureCerts: false, browserName: chrome, browserVersion: 120.0.6099.130, chrome: {chromedriverVersion: 120.0.6099.109 (3419140ab66..., userDataDir: C:\Windows\SystemTemp\scope...}, fedcm:accounts: true, goog:chromeOptions: {debuggerAddress: localhost:59922}, networkConnectionEnabled: false, pageLoadStrategy: normal, platformName: windows, proxy: Proxy(), se:cdp: ws://localhost:59922/devtoo..., se:cdpVersion: 120.0.6099.130, setWindowRect: true, strictFileInteractability: false, timeouts: {implicit: 0, pageLoad: 300000, script: 30000}, unhandledPromptBehavior: dismiss and notify, webauthn:extension:credBlob: true, webauthn:extension:largeBlob: true, webauthn:extension:minPinLength: true, webauthn:extension:prf: true, webauthn:virtualAuthenticators: true}
Element: [[ChromeDriver: chrome on windows (f0c6ebae8ecfd64df113f6b7f76b9697)] -> xpath: //span[@class='text-gray-800 capitalize text-sm'][normalize-space()='Chennai']]
Session ID: f0c6ebae8ecfd64df113f6b7f76b9697
at org.openqa.selenium.remote.ErrorCodec.decode(ErrorCodec.java:167)
at org.openqa.selenium.remote.codec.w3c.W3CHttpResponseCodec.decode(W3CHttpResponseCodec.java:138)
at org.openqa.selenium.remote.codec.w3c.W3CHttpResponseCodec.decode(W3CHttpResponseCodec.java:50)
at org.openqa.selenium.remote.HttpCommandExecutor.execute(HttpCommandExecutor.java:190)
at org.openqa.selenium.remote.service.DriverCommandExecutor.invokeExecute(DriverCommandExecutor.java:216)
at org.openqa.selenium.remote.service.DriverCommandExecutor.execute(DriverCommandExecutor.java:174)
at org.openqa.selenium.remote.RemoteWebDriver.execute(RemoteWebDriver.java:519)
at org.openqa.selenium.remote.RemoteWebElement.execute(RemoteWebElement.java:223)
at org.openqa.selenium.remote.RemoteWebElement.click(RemoteWebElement.java:76)
at org.openqa.selenium.support.pagefactory.internal.LocatingElementHandler.invoke(LocatingElementHandler.java:51)
at jdk.proxy2/jdk.proxy2.$Proxy44.click(Unknown Source)
at pageobjectstownScript.TownScriptpage.selectingNewCity(TownScriptpage.java:66)
at stepDefinitiontownScript.PrintEventDetails.user_clicks_on_city_arrow_and_selects_new_city(PrintEventDetails.java:38)
at âœ½.user clicks on cityArrow and selects new city(file:///C:/workspaceeclipse/townScript/./FeaturestownScript/TownScript.feature:6)
... Removed 9 stack frames]]>
    </failure>
  </testcase> <!-- runScenario -->
</testsuite> <!-- Test in Chrome Browser -->
